Copyright 1986-2018 Xilinx, Inc. All Rights Reserved.
--------------------------------------------------------------------------------------------------------------------------------------------------------------------------------------------
| Tool Version : Vivado v.2018.2 (win64) Build 2258646 Thu Jun 14 20:03:12 MDT 2018
| Date         : Sun Oct 20 21:16:15 2024
| Host         : DESKTOP-U1QVQMD running 64-bit major release  (build 9200)
| Command      : report_timing_summary -max_paths 10 -file OD_Main_timing_summary_routed.rpt -pb OD_Main_timing_summary_routed.pb -rpx OD_Main_timing_summary_routed.rpx -warn_on_violation
| Design       : OD_Main
| Device       : 7a200t-ffg1156
| Speed File   : -3  PRODUCTION 1.22 2018-03-21
--------------------------------------------------------------------------------------------------------------------------------------------------------------------------------------------

Timing Summary Report

------------------------------------------------------------------------------------------------
| Timer Settings
| --------------
------------------------------------------------------------------------------------------------

  Enable Multi Corner Analysis               :  Yes
  Enable Pessimism Removal                   :  Yes
  Pessimism Removal Resolution               :  Nearest Common Node
  Enable Input Delay Default Clock           :  No
  Enable Preset / Clear Arcs                 :  No
  Disable Flight Delays                      :  No
  Ignore I/O Paths                           :  No
  Timing Early Launch at Borrowing Latches   :  false

  Corner  Analyze    Analyze    
  Name    Max Paths  Min Paths  
  ------  ---------  ---------  
  Slow    Yes        Yes        
  Fast    Yes        Yes        



check_timing report

Table of Contents
-----------------
1. checking no_clock
2. checking constant_clock
3. checking pulse_width_clock
4. checking unconstrained_internal_endpoints
5. checking no_input_delay
6. checking no_output_delay
7. checking multiple_clock
8. checking generated_clocks
9. checking loops
10. checking partial_input_delay
11. checking partial_output_delay
12. checking latch_loops

1. checking no_clock
--------------------
 There are 0 register/latch pins with no clock.


2. checking constant_clock
--------------------------
 There are 0 register/latch pins with constant_clock.


3. checking pulse_width_clock
-----------------------------
 There are 0 register/latch pins which need pulse_width check


4. checking unconstrained_internal_endpoints
--------------------------------------------
 There are 0 pins that are not constrained for maximum delay.

 There are 0 pins that are not constrained for maximum delay due to constant clock.


5. checking no_input_delay
--------------------------
 There are 48 input ports with no input delay specified. (HIGH)

 There are 0 input ports with no input delay but user has a false path constraint.


6. checking no_output_delay
---------------------------
 There is 1 port with no output delay specified. (HIGH)

 There are 0 ports with no output delay but user has a false path constraint

 There are 0 ports with no output delay but with a timing clock defined on it or propagating through it


7. checking multiple_clock
--------------------------
 There are 0 register/latch pins with multiple clocks.


8. checking generated_clocks
----------------------------
 There are 0 generated clocks that are not connected to a clock source.


9. checking loops
-----------------
 There are 0 combinational loops in the design.


10. checking partial_input_delay
--------------------------------
 There are 0 input ports with partial input delay specified.


11. checking partial_output_delay
---------------------------------
 There are 0 ports with partial output delay specified.


12. checking latch_loops
------------------------
 There are 0 combinational latch loops in the design through latch input



------------------------------------------------------------------------------------------------
| Design Timing Summary
| ---------------------
------------------------------------------------------------------------------------------------

    WNS(ns)      TNS(ns)  TNS Failing Endpoints  TNS Total Endpoints      WHS(ns)      THS(ns)  THS Failing Endpoints  THS Total Endpoints     WPWS(ns)     TPWS(ns)  TPWS Failing Endpoints  TPWS Total Endpoints  
    -------      -------  ---------------------  -------------------      -------      -------  ---------------------  -------------------     --------     --------  ----------------------  --------------------  
      1.051        0.000                      0                    2        0.270        0.000                      0                    2        0.408        0.000                       0                     3  


All user specified timing constraints are met.


------------------------------------------------------------------------------------------------
| Clock Summary
| -------------
------------------------------------------------------------------------------------------------

Clock        Waveform(ns)         Period(ns)      Frequency(MHz)
-----        ------------         ----------      --------------
sys_clk_pin  {0.000 1.000}        2.000           500.000         


------------------------------------------------------------------------------------------------
| Intra Clock Table
| -----------------
------------------------------------------------------------------------------------------------

Clock             WNS(ns)      TNS(ns)  TNS Failing Endpoints  TNS Total Endpoints      WHS(ns)      THS(ns)  THS Failing Endpoints  THS Total Endpoints     WPWS(ns)     TPWS(ns)  TPWS Failing Endpoints  TPWS Total Endpoints  
-----             -------      -------  ---------------------  -------------------      -------      -------  ---------------------  -------------------     --------     --------  ----------------------  --------------------  
sys_clk_pin         1.051        0.000                      0                    2        0.270        0.000                      0                    2        0.408        0.000                       0                     3  


------------------------------------------------------------------------------------------------
| Inter Clock Table
| -----------------
------------------------------------------------------------------------------------------------

From Clock    To Clock          WNS(ns)      TNS(ns)  TNS Failing Endpoints  TNS Total Endpoints      WHS(ns)      THS(ns)  THS Failing Endpoints  THS Total Endpoints  
----------    --------          -------      -------  ---------------------  -------------------      -------      -------  ---------------------  -------------------  


------------------------------------------------------------------------------------------------
| Other Path Groups Table
| -----------------------
------------------------------------------------------------------------------------------------

Path Group    From Clock    To Clock          WNS(ns)      TNS(ns)  TNS Failing Endpoints  TNS Total Endpoints      WHS(ns)      THS(ns)  THS Failing Endpoints  THS Total Endpoints  
----------    ----------    --------          -------      -------  ---------------------  -------------------      -------      -------  ---------------------  -------------------  


------------------------------------------------------------------------------------------------
| Timing Details
| --------------
------------------------------------------------------------------------------------------------


---------------------------------------------------------------------------------------------------
From Clock:  sys_clk_pin
  To Clock:  sys_clk_pin

Setup :            0  Failing Endpoints,  Worst Slack        1.051ns,  Total Violation        0.000ns
Hold  :            0  Failing Endpoints,  Worst Slack        0.270ns,  Total Violation        0.000ns
PW    :            0  Failing Endpoints,  Worst Slack        0.408ns,  Total Violation        0.000ns
---------------------------------------------------------------------------------------------------


Max Delay Paths
--------------------------------------------------------------------------------------
Slack (MET) :             1.051ns  (required time - arrival time)
  Source:                 u2/FSM_sequential_cs_reg[0]/C
                            (rising edge-triggered cell FDCE clocked by sys_clk_pin  {rise@0.000ns fall@1.000ns period=2.000ns})
  Destination:            u2/FSM_sequential_cs_reg[1]/D
                            (rising edge-triggered cell FDCE clocked by sys_clk_pin  {rise@0.000ns fall@1.000ns period=2.000ns})
  Path Group:             sys_clk_pin
  Path Type:              Setup (Max at Slow Process Corner)
  Requirement:            2.000ns  (sys_clk_pin rise@2.000ns - sys_clk_pin rise@0.000ns)
  Data Path Delay:        0.944ns  (logic 0.438ns (46.405%)  route 0.506ns (53.595%))
  Logic Levels:           1  (LUT6=1)
  Clock Path Skew:        0.000ns (DCD - SCD + CPR)
    Destination Clock Delay (DCD):    4.134ns = ( 6.134 - 2.000 ) 
    Source Clock Delay      (SCD):    4.388ns
    Clock Pessimism Removal (CPR):    0.253ns
  Clock Uncertainty:      0.035ns  ((TSJ^2 + TIJ^2)^1/2 + DJ) / 2 + PE
    Total System Jitter     (TSJ):    0.071ns
    Total Input Jitter      (TIJ):    0.000ns
    Discrete Jitter          (DJ):    0.000ns
    Phase Error              (PE):    0.000ns

    Location             Delay type                Incr(ns)  Path(ns)    Netlist Resource(s)
  -------------------------------------------------------------------    -------------------
                         (clock sys_clk_pin rise edge)
                                                      0.000     0.000 r  
    W5                                                0.000     0.000 r  clk (IN)
                         net (fo=0)                   0.000     0.000    clk
    W5                   IBUF (Prop_ibuf_I_O)         1.371     1.371 r  clk_IBUF_inst/O
                         net (fo=1, routed)           1.598     2.969    clk_IBUF
    BUFGCTRL_X0Y0        BUFG (Prop_bufg_I_O)         0.076     3.045 r  clk_IBUF_BUFG_inst/O
                         net (fo=2, routed)           1.342     4.388    u2/CLK
    SLICE_X11Y126        FDCE                                         r  u2/FSM_sequential_cs_reg[0]/C
  -------------------------------------------------------------------    -------------------
    SLICE_X11Y126        FDCE (Prop_fdce_C_Q)         0.341     4.729 f  u2/FSM_sequential_cs_reg[0]/Q
                         net (fo=3, routed)           0.506     5.235    u2/cs[0]
    SLICE_X11Y126        LUT6 (Prop_lut6_I5_O)        0.097     5.332 r  u2/FSM_sequential_cs[1]_i_1/O
                         net (fo=1, routed)           0.000     5.332    u2/ns[1]
    SLICE_X11Y126        FDCE                                         r  u2/FSM_sequential_cs_reg[1]/D
  -------------------------------------------------------------------    -------------------

                         (clock sys_clk_pin rise edge)
                                                      2.000     2.000 r  
    W5                                                0.000     2.000 r  clk (IN)
                         net (fo=0)                   0.000     2.000    clk
    W5                   IBUF (Prop_ibuf_I_O)         1.304     3.304 r  clk_IBUF_inst/O
                         net (fo=1, routed)           1.514     4.817    clk_IBUF
    BUFGCTRL_X0Y0        BUFG (Prop_bufg_I_O)         0.072     4.889 r  clk_IBUF_BUFG_inst/O
                         net (fo=2, routed)           1.245     6.134    u2/CLK
    SLICE_X11Y126        FDCE                                         r  u2/FSM_sequential_cs_reg[1]/C
                         clock pessimism              0.253     6.388    
                         clock uncertainty           -0.035     6.352    
    SLICE_X11Y126        FDCE (Setup_fdce_C_D)        0.030     6.382    u2/FSM_sequential_cs_reg[1]
  -------------------------------------------------------------------
                         required time                          6.382    
                         arrival time                          -5.332    
  -------------------------------------------------------------------
                         slack                                  1.051    

Slack (MET) :             1.053ns  (required time - arrival time)
  Source:                 u2/FSM_sequential_cs_reg[0]/C
                            (rising edge-triggered cell FDCE clocked by sys_clk_pin  {rise@0.000ns fall@1.000ns period=2.000ns})
  Destination:            u2/FSM_sequential_cs_reg[0]/D
                            (rising edge-triggered cell FDCE clocked by sys_clk_pin  {rise@0.000ns fall@1.000ns period=2.000ns})
  Path Group:             sys_clk_pin
  Path Type:              Setup (Max at Slow Process Corner)
  Requirement:            2.000ns  (sys_clk_pin rise@2.000ns - sys_clk_pin rise@0.000ns)
  Data Path Delay:        0.944ns  (logic 0.438ns (46.405%)  route 0.506ns (53.595%))
  Logic Levels:           1  (LUT6=1)
  Clock Path Skew:        0.000ns (DCD - SCD + CPR)
    Destination Clock Delay (DCD):    4.134ns = ( 6.134 - 2.000 ) 
    Source Clock Delay      (SCD):    4.388ns
    Clock Pessimism Removal (CPR):    0.253ns
  Clock Uncertainty:      0.035ns  ((TSJ^2 + TIJ^2)^1/2 + DJ) / 2 + PE
    Total System Jitter     (TSJ):    0.071ns
    Total Input Jitter      (TIJ):    0.000ns
    Discrete Jitter          (DJ):    0.000ns
    Phase Error              (PE):    0.000ns

    Location             Delay type                Incr(ns)  Path(ns)    Netlist Resource(s)
  -------------------------------------------------------------------    -------------------
                         (clock sys_clk_pin rise edge)
                                                      0.000     0.000 r  
    W5                                                0.000     0.000 r  clk (IN)
                         net (fo=0)                   0.000     0.000    clk
    W5                   IBUF (Prop_ibuf_I_O)         1.371     1.371 r  clk_IBUF_inst/O
                         net (fo=1, routed)           1.598     2.969    clk_IBUF
    BUFGCTRL_X0Y0        BUFG (Prop_bufg_I_O)         0.076     3.045 r  clk_IBUF_BUFG_inst/O
                         net (fo=2, routed)           1.342     4.388    u2/CLK
    SLICE_X11Y126        FDCE                                         r  u2/FSM_sequential_cs_reg[0]/C
  -------------------------------------------------------------------    -------------------
    SLICE_X11Y126        FDCE (Prop_fdce_C_Q)         0.341     4.729 f  u2/FSM_sequential_cs_reg[0]/Q
                         net (fo=3, routed)           0.506     5.235    u2/cs[0]
    SLICE_X11Y126        LUT6 (Prop_lut6_I3_O)        0.097     5.332 r  u2/FSM_sequential_cs[0]_i_1/O
                         net (fo=1, routed)           0.000     5.332    u2/ns[0]
    SLICE_X11Y126        FDCE                                         r  u2/FSM_sequential_cs_reg[0]/D
  -------------------------------------------------------------------    -------------------

                         (clock sys_clk_pin rise edge)
                                                      2.000     2.000 r  
    W5                                                0.000     2.000 r  clk (IN)
                         net (fo=0)                   0.000     2.000    clk
    W5                   IBUF (Prop_ibuf_I_O)         1.304     3.304 r  clk_IBUF_inst/O
                         net (fo=1, routed)           1.514     4.817    clk_IBUF
    BUFGCTRL_X0Y0        BUFG (Prop_bufg_I_O)         0.072     4.889 r  clk_IBUF_BUFG_inst/O
                         net (fo=2, routed)           1.245     6.134    u2/CLK
    SLICE_X11Y126        FDCE                                         r  u2/FSM_sequential_cs_reg[0]/C
                         clock pessimism              0.253     6.388    
                         clock uncertainty           -0.035     6.352    
    SLICE_X11Y126        FDCE (Setup_fdce_C_D)        0.032     6.384    u2/FSM_sequential_cs_reg[0]
  -------------------------------------------------------------------
                         required time                          6.384    
                         arrival time                          -5.332    
  -------------------------------------------------------------------
                         slack                                  1.053    





Min Delay Paths
--------------------------------------------------------------------------------------
Slack (MET) :             0.270ns  (arrival time - required time)
  Source:                 u2/FSM_sequential_cs_reg[1]/C
                            (rising edge-triggered cell FDCE clocked by sys_clk_pin  {rise@0.000ns fall@1.000ns period=2.000ns})
  Destination:            u2/FSM_sequential_cs_reg[1]/D
                            (rising edge-triggered cell FDCE clocked by sys_clk_pin  {rise@0.000ns fall@1.000ns period=2.000ns})
  Path Group:             sys_clk_pin
  Path Type:              Hold (Min at Fast Process Corner)
  Requirement:            0.000ns  (sys_clk_pin rise@0.000ns - sys_clk_pin rise@0.000ns)
  Data Path Delay:        0.361ns  (logic 0.186ns (51.542%)  route 0.175ns (48.458%))
  Logic Levels:           1  (LUT6=1)
  Clock Path Skew:        0.000ns (DCD - SCD - CPR)
    Destination Clock Delay (DCD):    2.125ns
    Source Clock Delay      (SCD):    1.607ns
    Clock Pessimism Removal (CPR):    0.518ns

    Location             Delay type                Incr(ns)  Path(ns)    Netlist Resource(s)
  -------------------------------------------------------------------    -------------------
                         (clock sys_clk_pin rise edge)
                                                      0.000     0.000 r  
    W5                                                0.000     0.000 r  clk (IN)
                         net (fo=0)                   0.000     0.000    clk
    W5                   IBUF (Prop_ibuf_I_O)         0.291     0.291 r  clk_IBUF_inst/O
                         net (fo=1, routed)           0.676     0.967    clk_IBUF
    BUFGCTRL_X0Y0        BUFG (Prop_bufg_I_O)         0.026     0.993 r  clk_IBUF_BUFG_inst/O
                         net (fo=2, routed)           0.615     1.607    u2/CLK
    SLICE_X11Y126        FDCE                                         r  u2/FSM_sequential_cs_reg[1]/C
  -------------------------------------------------------------------    -------------------
    SLICE_X11Y126        FDCE (Prop_fdce_C_Q)         0.141     1.748 f  u2/FSM_sequential_cs_reg[1]/Q
                         net (fo=3, routed)           0.175     1.923    u2/cs[1]
    SLICE_X11Y126        LUT6 (Prop_lut6_I4_O)        0.045     1.968 r  u2/FSM_sequential_cs[1]_i_1/O
                         net (fo=1, routed)           0.000     1.968    u2/ns[1]
    SLICE_X11Y126        FDCE                                         r  u2/FSM_sequential_cs_reg[1]/D
  -------------------------------------------------------------------    -------------------

                         (clock sys_clk_pin rise edge)
                                                      0.000     0.000 r  
    W5                                                0.000     0.000 r  clk (IN)
                         net (fo=0)                   0.000     0.000    clk
    W5                   IBUF (Prop_ibuf_I_O)         0.479     0.479 r  clk_IBUF_inst/O
                         net (fo=1, routed)           0.734     1.213    clk_IBUF
    BUFGCTRL_X0Y0        BUFG (Prop_bufg_I_O)         0.029     1.242 r  clk_IBUF_BUFG_inst/O
                         net (fo=2, routed)           0.884     2.125    u2/CLK
    SLICE_X11Y126        FDCE                                         r  u2/FSM_sequential_cs_reg[1]/C
                         clock pessimism             -0.518     1.607    
    SLICE_X11Y126        FDCE (Hold_fdce_C_D)         0.091     1.698    u2/FSM_sequential_cs_reg[1]
  -------------------------------------------------------------------
                         required time                         -1.698    
                         arrival time                           1.968    
  -------------------------------------------------------------------
                         slack                                  0.270    

Slack (MET) :             0.271ns  (arrival time - required time)
  Source:                 u2/FSM_sequential_cs_reg[1]/C
                            (rising edge-triggered cell FDCE clocked by sys_clk_pin  {rise@0.000ns fall@1.000ns period=2.000ns})
  Destination:            u2/FSM_sequential_cs_reg[0]/D
                            (rising edge-triggered cell FDCE clocked by sys_clk_pin  {rise@0.000ns fall@1.000ns period=2.000ns})
  Path Group:             sys_clk_pin
  Path Type:              Hold (Min at Fast Process Corner)
  Requirement:            0.000ns  (sys_clk_pin rise@0.000ns - sys_clk_pin rise@0.000ns)
  Data Path Delay:        0.363ns  (logic 0.186ns (51.258%)  route 0.177ns (48.742%))
  Logic Levels:           1  (LUT6=1)
  Clock Path Skew:        0.000ns (DCD - SCD - CPR)
    Destination Clock Delay (DCD):    2.125ns
    Source Clock Delay      (SCD):    1.607ns
    Clock Pessimism Removal (CPR):    0.518ns

    Location             Delay type                Incr(ns)  Path(ns)    Netlist Resource(s)
  -------------------------------------------------------------------    -------------------
                         (clock sys_clk_pin rise edge)
                                                      0.000     0.000 r  
    W5                                                0.000     0.000 r  clk (IN)
                         net (fo=0)                   0.000     0.000    clk
    W5                   IBUF (Prop_ibuf_I_O)         0.291     0.291 r  clk_IBUF_inst/O
                         net (fo=1, routed)           0.676     0.967    clk_IBUF
    BUFGCTRL_X0Y0        BUFG (Prop_bufg_I_O)         0.026     0.993 r  clk_IBUF_BUFG_inst/O
                         net (fo=2, routed)           0.615     1.607    u2/CLK
    SLICE_X11Y126        FDCE                                         r  u2/FSM_sequential_cs_reg[1]/C
  -------------------------------------------------------------------    -------------------
    SLICE_X11Y126        FDCE (Prop_fdce_C_Q)         0.141     1.748 f  u2/FSM_sequential_cs_reg[1]/Q
                         net (fo=3, routed)           0.177     1.925    u2/cs[1]
    SLICE_X11Y126        LUT6 (Prop_lut6_I4_O)        0.045     1.970 r  u2/FSM_sequential_cs[0]_i_1/O
                         net (fo=1, routed)           0.000     1.970    u2/ns[0]
    SLICE_X11Y126        FDCE                                         r  u2/FSM_sequential_cs_reg[0]/D
  -------------------------------------------------------------------    -------------------

                         (clock sys_clk_pin rise edge)
                                                      0.000     0.000 r  
    W5                                                0.000     0.000 r  clk (IN)
                         net (fo=0)                   0.000     0.000    clk
    W5                   IBUF (Prop_ibuf_I_O)         0.479     0.479 r  clk_IBUF_inst/O
                         net (fo=1, routed)           0.734     1.213    clk_IBUF
    BUFGCTRL_X0Y0        BUFG (Prop_bufg_I_O)         0.029     1.242 r  clk_IBUF_BUFG_inst/O
                         net (fo=2, routed)           0.884     2.125    u2/CLK
    SLICE_X11Y126        FDCE                                         r  u2/FSM_sequential_cs_reg[0]/C
                         clock pessimism             -0.518     1.607    
    SLICE_X11Y126        FDCE (Hold_fdce_C_D)         0.092     1.699    u2/FSM_sequential_cs_reg[0]
  -------------------------------------------------------------------
                         required time                         -1.699    
                         arrival time                           1.970    
  -------------------------------------------------------------------
                         slack                                  0.271    





Pulse Width Checks
--------------------------------------------------------------------------------------
Clock Name:         sys_clk_pin
Waveform(ns):       { 0.000 1.000 }
Period(ns):         2.000
Sources:            { clk }

Check Type        Corner  Lib Pin  Reference Pin  Required(ns)  Actual(ns)  Slack(ns)  Location       Pin
Min Period        n/a     BUFG/I   n/a            1.592         2.000       0.408      BUFGCTRL_X0Y0  clk_IBUF_BUFG_inst/I
Min Period        n/a     FDCE/C   n/a            1.000         2.000       1.000      SLICE_X11Y126  u2/FSM_sequential_cs_reg[0]/C
Min Period        n/a     FDCE/C   n/a            1.000         2.000       1.000      SLICE_X11Y126  u2/FSM_sequential_cs_reg[1]/C
Low Pulse Width   Slow    FDCE/C   n/a            0.500         1.000       0.500      SLICE_X11Y126  u2/FSM_sequential_cs_reg[0]/C
Low Pulse Width   Slow    FDCE/C   n/a            0.500         1.000       0.500      SLICE_X11Y126  u2/FSM_sequential_cs_reg[1]/C
Low Pulse Width   Fast    FDCE/C   n/a            0.500         1.000       0.500      SLICE_X11Y126  u2/FSM_sequential_cs_reg[0]/C
Low Pulse Width   Fast    FDCE/C   n/a            0.500         1.000       0.500      SLICE_X11Y126  u2/FSM_sequential_cs_reg[1]/C
High Pulse Width  Fast    FDCE/C   n/a            0.500         1.000       0.500      SLICE_X11Y126  u2/FSM_sequential_cs_reg[0]/C
High Pulse Width  Fast    FDCE/C   n/a            0.500         1.000       0.500      SLICE_X11Y126  u2/FSM_sequential_cs_reg[1]/C
High Pulse Width  Slow    FDCE/C   n/a            0.500         1.000       0.500      SLICE_X11Y126  u2/FSM_sequential_cs_reg[0]/C
High Pulse Width  Slow    FDCE/C   n/a            0.500         1.000       0.500      SLICE_X11Y126  u2/FSM_sequential_cs_reg[1]/C



